<?xml version="1.0" encoding="UTF-8"?>
<!-- Generated by org.testng.reporters.JUnitReportReporter -->
<testsuite hostname="Ankit" failures="0" tests="3" name="ankitdemoMobile.Appium.AppiumBasics" time="25.341" errors="0" timestamp="2023-08-03T15:58:30 IST" skipped="0">
  <testcase classname="ankitdemoMobile.Appium.AppiumBasics" name="misscellaneousTest" time="9.071"/>
  <system-out/>
  <testcase classname="ankitdemoMobile.Appium.AppiumBasics" name="configureAppium" time="15.244"/>
  <system-out/>
  <testcase classname="ankitdemoMobile.Appium.AppiumBasics" name="tearDown" time="1.026"/>
  <system-out/>
</testsuite> <!-- ankitdemoMobile.Appium.AppiumBasics -->
