<?xml version="1.0" encoding="UTF-8"?>
<!-- Generated by org.testng.reporters.JUnitReportReporter -->
<testsuite hostname="Ankit" failures="0" tests="3" name="ankitdemoMobile.Appium.eCommerce_tc_2" time="43.965" errors="0" timestamp="2023-08-09T13:19:29 IST" skipped="0">
  <testcase classname="ankitdemoMobile.Appium.eCommerce_tc_2" name="configureAppium" time="12.455"/>
  <system-out/>
  <testcase classname="ankitdemoMobile.Appium.eCommerce_tc_2" name="tearDown" time="0.063"/>
  <system-out/>
  <testcase classname="ankitdemoMobile.Appium.eCommerce_tc_2" name="fillFormTest" time="31.447"/>
  <system-out/>
</testsuite> <!-- ankitdemoMobile.Appium.eCommerce_tc_2 -->
