<?xml version="1.0" encoding="UTF-8"?>
<!-- Generated by org.testng.reporters.JUnitReportReporter -->
<testsuite hostname="Ankit" failures="0" tests="3" name="ankitdemoMobile.Appium.eCommerce_tc_1" time="28.029" errors="0" timestamp="2023-08-07T18:21:27 IST" skipped="0">
  <testcase classname="ankitdemoMobile.Appium.eCommerce_tc_1" name="fillFormTest" time="16.081"/>
  <system-out/>
  <testcase classname="ankitdemoMobile.Appium.eCommerce_tc_1" name="configureAppium" time="11.892"/>
  <system-out/>
  <testcase classname="ankitdemoMobile.Appium.eCommerce_tc_1" name="tearDown" time="0.056"/>
  <system-out/>
</testsuite> <!-- ankitdemoMobile.Appium.eCommerce_tc_1 -->
