<?xml version="1.0" encoding="UTF-8"?>
<!-- Generated by org.testng.reporters.JUnitReportReporter -->
<testsuite hostname="Ankit" failures="0" tests="3" name="ankitdemoMobile.Appium.MobileBrowserTest" time="40.829" errors="0" timestamp="2023-08-09T17:27:32 IST" skipped="0">
  <testcase classname="ankitdemoMobile.Appium.MobileBrowserTest" name="browserTest" time="21.676"/>
  <system-out/>
  <testcase classname="ankitdemoMobile.Appium.MobileBrowserTest" name="configureAppium" time="19.148"/>
  <system-out/>
  <testcase classname="ankitdemoMobile.Appium.MobileBrowserTest" name="tearDown" time="0.005"/>
  <system-out/>
</testsuite> <!-- ankitdemoMobile.Appium.MobileBrowserTest -->
