<?xml version="1.0" encoding="UTF-8"?>
<!-- Generated by org.testng.reporters.JUnitReportReporter -->
<testsuite hostname="Ankit" failures="0" tests="3" name="ankitdemoMobile.Appium.eCommerce_tc_3" time="37.135" errors="0" timestamp="2023-08-09T13:39:23 IST" skipped="0">
  <testcase classname="ankitdemoMobile.Appium.eCommerce_tc_3" name="fillFormTest" time="24.618"/>
  <system-out/>
  <testcase classname="ankitdemoMobile.Appium.eCommerce_tc_3" name="tearDown" time="0.070"/>
  <system-out/>
  <testcase classname="ankitdemoMobile.Appium.eCommerce_tc_3" name="configureAppium" time="12.447"/>
  <system-out/>
</testsuite> <!-- ankitdemoMobile.Appium.eCommerce_tc_3 -->
