<?xml version="1.0" encoding="UTF-8"?>
<!-- Generated by org.testng.reporters.JUnitReportReporter -->
<testsuite hostname="Ankit" failures="0" tests="3" name="ankitdemoMobile.Appium.eCommerce_tc_4_Hybrid" time="56.689" errors="0" timestamp="2023-08-09T16:14:09 IST" skipped="0">
  <testcase classname="ankitdemoMobile.Appium.eCommerce_tc_4_Hybrid" name="tearDown" time="0.064"/>
  <system-out/>
  <testcase classname="ankitdemoMobile.Appium.eCommerce_tc_4_Hybrid" name="configureAppium" time="13.406"/>
  <system-out/>
  <testcase classname="ankitdemoMobile.Appium.eCommerce_tc_4_Hybrid" name="fillFormTest" time="43.219"/>
  <system-out/>
</testsuite> <!-- ankitdemoMobile.Appium.eCommerce_tc_4_Hybrid -->
